c:\users\korei\desktop\7학기 강의자료(pdf)\고급소프트웨어실습1 fin\실습10\proj10\고소실_10주차_실습_배포용\x64\debug\vc142.pdb
c:\users\korei\desktop\7학기 강의자료(pdf)\고급소프트웨어실습1 fin\실습10\proj10\고소실_10주차_실습_배포용\x64\debug\vc142.idb
c:\users\korei\desktop\7학기 강의자료(pdf)\고급소프트웨어실습1 fin\실습10\proj10\고소실_10주차_실습_배포용\x64\debug\2_mian.obj
c:\users\korei\desktop\7학기 강의자료(pdf)\고급소프트웨어실습1 fin\실습10\proj10\고소실_10주차_실습_배포용\x64\debug\1_main.obj
c:\users\korei\desktop\7학기 강의자료(pdf)\고급소프트웨어실습1 fin\실습10\proj10\고소실_10주차_실습_배포용\x64\debug\3_main.obj
c:\users\korei\desktop\7학기 강의자료(pdf)\고급소프트웨어실습1 fin\실습10\proj10\x64\debug\고소실_10주차_실습_배포용.exe
c:\users\korei\desktop\7학기 강의자료(pdf)\고급소프트웨어실습1 fin\실습10\proj10\고소실_10주차_실습_배포용\x64\debug\고소실_10주차_실습_배포용.ilk
c:\users\korei\desktop\7학기 강의자료(pdf)\고급소프트웨어실습1 fin\실습10\proj10\x64\debug\고소실_10주차_실습_배포용.pdb
c:\users\korei\desktop\cse4152\practice10\proj10\고소실_10주차_실습_배포용\x64\debug\1_main.obj
c:\users\korei\desktop\cse4152\practice10\proj10\고소실_10주차_실습_배포용\x64\debug\2_mian.obj
c:\users\korei\desktop\cse4152\practice10\proj10\고소실_10주차_실습_배포용\x64\debug\3_main.obj
c:\users\korei\desktop\cse4152\practice10\proj10\고소실_10주차_실습_배포용\x64\debug\고소실_10주차_실습_배포용.ilk
c:\users\korei\desktop\cse4152\practice10\proj10\고소실_10주차_실습_배포용\x64\debug\vc142.idb
c:\users\korei\desktop\cse4152\practice10\proj10\고소실_10주차_실습_배포용\x64\debug\vc142.pdb
c:\users\korei\desktop\cse4152\practice10\proj10\x64\debug\고소실_10주차_실습_배포용.pdb
c:\users\korei\desktop\cse4152\practice10\proj10\x64\debug\고소실_10주차_실습_배포용.exe
c:\users\korei\desktop\cse4152\practice10\proj10\고소실_10주차_실습_배포용\x64\debug\고소실_10주차_실습_배포용.tlog\cl.command.1.tlog
c:\users\korei\desktop\cse4152\practice10\proj10\고소실_10주차_실습_배포용\x64\debug\고소실_10주차_실습_배포용.tlog\cl.read.1.tlog
c:\users\korei\desktop\cse4152\practice10\proj10\고소실_10주차_실습_배포용\x64\debug\고소실_10주차_실습_배포용.tlog\cl.write.1.tlog
c:\users\korei\desktop\cse4152\practice10\proj10\고소실_10주차_실습_배포용\x64\debug\고소실_10주차_실습_배포용.tlog\link.command.1.tlog
c:\users\korei\desktop\cse4152\practice10\proj10\고소실_10주차_실습_배포용\x64\debug\고소실_10주차_실습_배포용.tlog\link.read.1.tlog
c:\users\korei\desktop\cse4152\practice10\proj10\고소실_10주차_실습_배포용\x64\debug\고소실_10주차_실습_배포용.tlog\link.write.1.tlog
