  Compiling CUDA source file gososil_11.cu...
  
  C:\Users\SOGANG\Desktop\Proj11\gososil_11>"C:\Program Files\NVIDIA GPU Computing Toolkit\CUDA\v11.1\bin\nvcc.exe" -gencode=arch=compute_52,code=\"sm_52,compute_52\" --use-local-env -ccbin "C:\Program Files (x86)\Microsoft Visual Studio\2019\Community\VC\Tools\MSVC\14.27.29110\bin\HostX86\x64" -x cu   -I"C:\Program Files\NVIDIA GPU Computing Toolkit\CUDA\v11.1\include" -I"C:\Program Files\NVIDIA GPU Computing Toolkit\CUDA\v11.1\include"  -G   --keep-dir x64\Debug -maxrregcount=0  --machine 64 --compile -cudart static  -g   -DWIN32 -DWIN64 -D_DEBUG -D_CONSOLE -D_MBCS -Xcompiler "/EHsc /W3 /nologo /Od /Fdx64\Debug\vc142.pdb /FS /Zi /RTC1 /MDd " -o x64\Debug\gososil_11.cu.obj "C:\Users\SOGANG\Desktop\Proj11\gososil_11\gososil_11.cu" 
C:/Users/SOGANG/Desktop/Proj11/gososil_11/gososil_11.cu(176): warning : transfer of control bypasses initialization of:
              variable "dimBlock"
  (203): here
              variable "dimGrid"
  (204): here
  
C:/Users/SOGANG/Desktop/Proj11/gososil_11/gososil_11.cu(176): warning : transfer of control bypasses initialization of:
              variable "dimBlock"
  (203): here
              variable "dimGrid"
  (204): here
  
  gososil_11.cu
C:/Users/SOGANG/Desktop/Proj11/gososil_11/gososil_11.cu(216): warning C4533: 'dimGrid' 초기화가 'goto Error'에 의해 생략되었습니다.
  C:/Users/SOGANG/Desktop/Proj11/gososil_11/gososil_11.cu(204): note: 'dimGrid' 선언을 참조하십시오.
  C:/Users/SOGANG/Desktop/Proj11/gososil_11/gososil_11.cu(216): note: 'Error' 선언을 참조하십시오.
C:/Users/SOGANG/Desktop/Proj11/gososil_11/gososil_11.cu(216): warning C4533: 'dimBlock' 초기화가 'goto Error'에 의해 생략되었습니다.
  C:/Users/SOGANG/Desktop/Proj11/gososil_11/gososil_11.cu(203): note: 'dimBlock' 선언을 참조하십시오.
  C:/Users/SOGANG/Desktop/Proj11/gososil_11/gososil_11.cu(216): note: 'Error' 선언을 참조하십시오.
  gososil_11.vcxproj -> C:\Users\SOGANG\Desktop\Proj11\x64\Debug\gososil_11.exe
