c:\users\korei\desktop\7학기 강의자료(pdf)\고급소프트웨어실습1 mid\실습1\week1_1\x64\debug\examwin32.pch
c:\users\korei\desktop\7학기 강의자료(pdf)\고급소프트웨어실습1 mid\실습1\week1_1\x64\debug\vc142.pdb
c:\users\korei\desktop\7학기 강의자료(pdf)\고급소프트웨어실습1 mid\실습1\week1_1\x64\debug\vc142.idb
c:\users\korei\desktop\7학기 강의자료(pdf)\고급소프트웨어실습1 mid\실습1\week1_1\x64\debug\pch.obj
c:\users\korei\desktop\7학기 강의자료(pdf)\고급소프트웨어실습1 mid\실습1\week1_1\x64\debug\distributhistogram.obj
c:\users\korei\desktop\7학기 강의자료(pdf)\고급소프트웨어실습1 mid\실습1\week1_practice1\x64\debug\examwin32.pch
c:\users\korei\desktop\7학기 강의자료(pdf)\고급소프트웨어실습1 mid\실습1\week1_practice1\x64\debug\vc142.pdb
c:\users\korei\desktop\7학기 강의자료(pdf)\고급소프트웨어실습1 mid\실습1\week1_practice1\x64\debug\vc142.idb
c:\users\korei\desktop\7학기 강의자료(pdf)\고급소프트웨어실습1 mid\실습1\week1_practice1\x64\debug\pch.obj
c:\users\korei\desktop\7학기 강의자료(pdf)\고급소프트웨어실습1 mid\실습1\week1_practice1\x64\debug\distributhistogram.obj
c:\users\korei\desktop\7학기 강의자료(pdf)\고급소프트웨어실습1 mid\실습1\week1_1\x64\debug\examwin32.res
c:\users\korei\desktop\7학기 강의자료(pdf)\고급소프트웨어실습1 mid\실습1\week1_practice1\x64\debug\examwin32.res
c:\users\korei\desktop\cse4152\practice1\week1_practice1\x64\debug\distributhistogram.obj
c:\users\korei\desktop\cse4152\practice1\week1_practice1\x64\debug\pch.obj
c:\users\korei\desktop\cse4152\practice1\week1_practice1\x64\debug\examwin32.res
c:\users\korei\desktop\cse4152\practice1\week1_practice1\x64\debug\examwin32.pch
c:\users\korei\desktop\cse4152\practice1\week1_practice1\x64\debug\vc142.idb
c:\users\korei\desktop\cse4152\practice1\week1_practice1\x64\debug\examwin32.pdb
c:\users\korei\desktop\cse4152\practice1\week1_practice1\x64\debug\vc142.pdb
c:\users\korei\desktop\cse4152\practice1\week1_practice1\x64\debug\examwin32.tlog\cl.command.1.tlog
c:\users\korei\desktop\cse4152\practice1\week1_practice1\x64\debug\examwin32.tlog\cl.read.1.tlog
c:\users\korei\desktop\cse4152\practice1\week1_practice1\x64\debug\examwin32.tlog\cl.write.1.tlog
c:\users\korei\desktop\cse4152\practice1\week1_practice1\x64\debug\examwin32.tlog\link-cvtres.read.1.tlog
c:\users\korei\desktop\cse4152\practice1\week1_practice1\x64\debug\examwin32.tlog\link-cvtres.write.1.tlog
c:\users\korei\desktop\cse4152\practice1\week1_practice1\x64\debug\examwin32.tlog\link-rc.read.1.tlog
c:\users\korei\desktop\cse4152\practice1\week1_practice1\x64\debug\examwin32.tlog\link-rc.write.1.tlog
c:\users\korei\desktop\cse4152\practice1\week1_practice1\x64\debug\examwin32.tlog\link.command.1.tlog
c:\users\korei\desktop\cse4152\practice1\week1_practice1\x64\debug\examwin32.tlog\link.read.1.tlog
c:\users\korei\desktop\cse4152\practice1\week1_practice1\x64\debug\examwin32.tlog\link.write.1.tlog
c:\users\korei\desktop\cse4152\practice1\week1_practice1\x64\debug\examwin32.tlog\rc.command.1.tlog
c:\users\korei\desktop\cse4152\practice1\week1_practice1\x64\debug\examwin32.tlog\rc.read.1.tlog
c:\users\korei\desktop\cse4152\practice1\week1_practice1\x64\debug\examwin32.tlog\rc.write.1.tlog
