c:\users\korei\desktop\7학기 강의자료(pdf)\고급소프트웨어실습1 mid\실습4\proj4\x64\debug\vc142.pdb
c:\users\korei\desktop\7학기 강의자료(pdf)\고급소프트웨어실습1 mid\실습4\proj4\x64\debug\vc142.idb
c:\users\korei\desktop\7학기 강의자료(pdf)\고급소프트웨어실습1 mid\실습4\proj4\x64\debug\sp_program1_2.obj
c:\users\korei\desktop\7학기 강의자료(pdf)\고급소프트웨어실습1 mid\실습4\proj4\x64\debug\sp_program1_1.obj
c:\users\korei\desktop\7학기 강의자료(pdf)\고급소프트웨어실습1 mid\실습4\proj4\x64\debug\sp_function.obj
c:\users\korei\desktop\7학기 강의자료(pdf)\고급소프트웨어실습1 mid\실습4\proj4\x64\debug\program1_3.obj
c:\users\korei\desktop\7학기 강의자료(pdf)\고급소프트웨어실습1 mid\실습4\proj4\x64\debug\program1_2.obj
c:\users\korei\desktop\7학기 강의자료(pdf)\고급소프트웨어실습1 mid\실습4\proj4\x64\debug\program1_1.obj
c:\users\korei\desktop\7학기 강의자료(pdf)\고급소프트웨어실습1 mid\실습4\proj4\x64\debug\main.obj
c:\users\korei\desktop\7학기 강의자료(pdf)\고급소프트웨어실습1 mid\실습4\proj4\x64\debug\function.obj
c:\users\korei\desktop\7학기 강의자료(pdf)\고급소프트웨어실습1 mid\실습4\proj4\x64\debug\project4.ilk
c:\users\korei\desktop\7학기 강의자료(pdf)\고급소프트웨어실습1 mid\실습4\proj4\x64\debug\project4.exe
c:\users\korei\desktop\7학기 강의자료(pdf)\고급소프트웨어실습1 mid\실습4\proj4\x64\debug\project4.pdb
c:\users\korei\desktop\cse4152\practice4\proj4\x64\debug\function.obj
c:\users\korei\desktop\cse4152\practice4\proj4\x64\debug\main.obj
c:\users\korei\desktop\cse4152\practice4\proj4\x64\debug\program1_1.obj
c:\users\korei\desktop\cse4152\practice4\proj4\x64\debug\program1_2.obj
c:\users\korei\desktop\cse4152\practice4\proj4\x64\debug\program1_3.obj
c:\users\korei\desktop\cse4152\practice4\proj4\x64\debug\sp_function.obj
c:\users\korei\desktop\cse4152\practice4\proj4\x64\debug\sp_program1_1.obj
c:\users\korei\desktop\cse4152\practice4\proj4\x64\debug\sp_program1_2.obj
c:\users\korei\desktop\cse4152\practice4\proj4\x64\debug\project4.ilk
c:\users\korei\desktop\cse4152\practice4\proj4\x64\debug\vc142.idb
c:\users\korei\desktop\cse4152\practice4\proj4\x64\debug\project4.pdb
c:\users\korei\desktop\cse4152\practice4\proj4\x64\debug\vc142.pdb
c:\users\korei\desktop\cse4152\practice4\proj4\x64\debug\project4.exe
c:\users\korei\desktop\cse4152\practice4\proj4\x64\debug\project4.tlog\cl.command.1.tlog
c:\users\korei\desktop\cse4152\practice4\proj4\x64\debug\project4.tlog\cl.read.1.tlog
c:\users\korei\desktop\cse4152\practice4\proj4\x64\debug\project4.tlog\cl.write.1.tlog
c:\users\korei\desktop\cse4152\practice4\proj4\x64\debug\project4.tlog\link.command.1.tlog
c:\users\korei\desktop\cse4152\practice4\proj4\x64\debug\project4.tlog\link.read.1.tlog
c:\users\korei\desktop\cse4152\practice4\proj4\x64\debug\project4.tlog\link.write.1.tlog
