c:\users\korei\desktop\7학기 강의자료(pdf)\고급소프트웨어실습1 mid\실습5\proj5\x64\debug\vc142.pdb
c:\users\korei\desktop\7학기 강의자료(pdf)\고급소프트웨어실습1 mid\실습5\proj5\x64\debug\vc142.idb
c:\users\korei\desktop\7학기 강의자료(pdf)\고급소프트웨어실습1 mid\실습5\proj5\x64\debug\program2_3.obj
c:\users\korei\desktop\7학기 강의자료(pdf)\고급소프트웨어실습1 mid\실습5\proj5\x64\debug\program2_2.obj
c:\users\korei\desktop\7학기 강의자료(pdf)\고급소프트웨어실습1 mid\실습5\proj5\x64\debug\program2_1.obj
c:\users\korei\desktop\7학기 강의자료(pdf)\고급소프트웨어실습1 mid\실습5\proj5\x64\debug\main.obj
c:\users\korei\desktop\7학기 강의자료(pdf)\고급소프트웨어실습1 mid\실습5\proj5\x64\debug\project5.ilk
c:\users\korei\desktop\7학기 강의자료(pdf)\고급소프트웨어실습1 mid\실습5\proj5\x64\debug\project5.exe
c:\users\korei\desktop\7학기 강의자료(pdf)\고급소프트웨어실습1 mid\실습5\proj5\x64\debug\project5.pdb
c:\users\korei\desktop\cse4152\practice5\proj5\x64\debug\main.obj
c:\users\korei\desktop\cse4152\practice5\proj5\x64\debug\program2_1.obj
c:\users\korei\desktop\cse4152\practice5\proj5\x64\debug\program2_2.obj
c:\users\korei\desktop\cse4152\practice5\proj5\x64\debug\program2_3.obj
c:\users\korei\desktop\cse4152\practice5\proj5\x64\debug\project5.ilk
c:\users\korei\desktop\cse4152\practice5\proj5\x64\debug\vc142.idb
c:\users\korei\desktop\cse4152\practice5\proj5\x64\debug\project5.pdb
c:\users\korei\desktop\cse4152\practice5\proj5\x64\debug\vc142.pdb
c:\users\korei\desktop\cse4152\practice5\proj5\x64\debug\project5.exe
c:\users\korei\desktop\cse4152\practice5\proj5\x64\debug\project5.tlog\cl.command.1.tlog
c:\users\korei\desktop\cse4152\practice5\proj5\x64\debug\project5.tlog\cl.read.1.tlog
c:\users\korei\desktop\cse4152\practice5\proj5\x64\debug\project5.tlog\cl.write.1.tlog
c:\users\korei\desktop\cse4152\practice5\proj5\x64\debug\project5.tlog\link.command.1.tlog
c:\users\korei\desktop\cse4152\practice5\proj5\x64\debug\project5.tlog\link.read.1.tlog
c:\users\korei\desktop\cse4152\practice5\proj5\x64\debug\project5.tlog\link.write.1.tlog
